INFO: [VRFC 10-2263] Analyzing Verilog file "E:/Memristor_testboard/CLS_frontend/Stim_recorder/Stim_recorder.srcs/sources_1/new/stim_rec.v" into library xil_defaultlib
INFO: [VRFC 10-311] analyzing module stim_rec
WARNING: [VRFC 10-3380] identifier 'dac' is used before its declaration [E:/Memristor_testboard/CLS_frontend/Stim_recorder/Stim_recorder.srcs/sources_1/new/stim_rec.v:122]
WARNING: [VRFC 10-3380] identifier 'dac' is used before its declaration [E:/Memristor_testboard/CLS_frontend/Stim_recorder/Stim_recorder.srcs/sources_1/new/stim_rec.v:125]
WARNING: [VRFC 10-3380] identifier 'dac' is used before its declaration [E:/Memristor_testboard/CLS_frontend/Stim_recorder/Stim_recorder.srcs/sources_1/new/stim_rec.v:128]
WARNING: [VRFC 10-3380] identifier 'dac' is used before its declaration [E:/Memristor_testboard/CLS_frontend/Stim_recorder/Stim_recorder.srcs/sources_1/new/stim_rec.v:131]
WARNING: [VRFC 10-3380] identifier 'dac' is used before its declaration [E:/Memristor_testboard/CLS_frontend/Stim_recorder/Stim_recorder.srcs/sources_1/new/stim_rec.v:134]
WARNING: [VRFC 10-3380] identifier 'dac' is used before its declaration [E:/Memristor_testboard/CLS_frontend/Stim_recorder/Stim_recorder.srcs/sources_1/new/stim_rec.v:137]
WARNING: [VRFC 10-3380] identifier 'dac' is used before its declaration [E:/Memristor_testboard/CLS_frontend/Stim_recorder/Stim_recorder.srcs/sources_1/new/stim_rec.v:140]
WARNING: [VRFC 10-3380] identifier 'dac' is used before its declaration [E:/Memristor_testboard/CLS_frontend/Stim_recorder/Stim_recorder.srcs/sources_1/new/stim_rec.v:143]
WARNING: [VRFC 10-3380] identifier 'dac' is used before its declaration [E:/Memristor_testboard/CLS_frontend/Stim_recorder/Stim_recorder.srcs/sources_1/new/stim_rec.v:146]
WARNING: [VRFC 10-3380] identifier 'dac' is used before its declaration [E:/Memristor_testboard/CLS_frontend/Stim_recorder/Stim_recorder.srcs/sources_1/new/stim_rec.v:149]
WARNING: [VRFC 10-3380] identifier 'dac' is used before its declaration [E:/Memristor_testboard/CLS_frontend/Stim_recorder/Stim_recorder.srcs/sources_1/new/stim_rec.v:152]
WARNING: [VRFC 10-3380] identifier 'dac' is used before its declaration [E:/Memristor_testboard/CLS_frontend/Stim_recorder/Stim_recorder.srcs/sources_1/new/stim_rec.v:155]
WARNING: [VRFC 10-3380] identifier 'dac' is used before its declaration [E:/Memristor_testboard/CLS_frontend/Stim_recorder/Stim_recorder.srcs/sources_1/new/stim_rec.v:158]
WARNING: [VRFC 10-3380] identifier 'dac' is used before its declaration [E:/Memristor_testboard/CLS_frontend/Stim_recorder/Stim_recorder.srcs/sources_1/new/stim_rec.v:161]
WARNING: [VRFC 10-3380] identifier 'dac' is used before its declaration [E:/Memristor_testboard/CLS_frontend/Stim_recorder/Stim_recorder.srcs/sources_1/new/stim_rec.v:164]
WARNING: [VRFC 10-3380] identifier 'dac' is used before its declaration [E:/Memristor_testboard/CLS_frontend/Stim_recorder/Stim_recorder.srcs/sources_1/new/stim_rec.v:167]
WARNING: [VRFC 10-3380] identifier 'mux' is used before its declaration [E:/Memristor_testboard/CLS_frontend/Stim_recorder/Stim_recorder.srcs/sources_1/new/stim_rec.v:170]
INFO: [VRFC 10-311] analyzing module sevenbitSPI
INFO: [VRFC 10-311] analyzing module sixteenbitSPI
INFO: [VRFC 10-311] analyzing module SPI
INFO: [VRFC 10-2263] Analyzing Verilog file "E:/Memristor_testboard/CLS_frontend/Stim_recorder/Stim_recorder.srcs/sim_1/new/tb.v" into library xil_defaultlib
INFO: [VRFC 10-311] analyzing module tb
